{"uuid":"5c052f2b-6201-4bb4-986c-2d07f231522e","historyId":"979651155c62a70f88afe8327fb24381","testCaseId":"5118145cf0dfc6e2a024c2e969dde24","fullName":"src/test/resources/features/MasterRun.feature:40","labels":[{"name":"tag","value":"MasterRun"},{"name":"tag","value":"Order6"},{"name":"host","value":"mrym"},{"name":"thread","value":"120580@mrym.main(1)"},{"name":"feature","value":"Complete end-to-end test"},{"name":"story","value":"Sort products by highest price"},{"name":"suite","value":"Complete end-to-end test"},{"name":"testClass","value":"Sort products by highest price"},{"name":"framework","value":"cucumber4jvm"},{"name":"language","value":"java"},{"name":"gherkin_uri","value":"file:///home/mrym/Downloads/ComputerSystem/SDLC/test-lab/test1/src/test/resources/features/MasterRun.feature"},{"name":"package","value":"src.test.resources.features.MasterRun_feature.Complete end-to-end test"}],"links":[],"name":"Sort products by highest price","status":"broken","statusDetails":{"known":false,"muted":false,"flaky":false,"message":"Expected condition failed: waiting for stepdefinitions.ProductSteps$$Lambda$917/0x00007ee07c4c3888@6c0b51da (tried for 10 second(s) with 500 milliseconds interval)\nBuild info: version: '4.16.1', revision: '9b4c83354e'\nSystem info: os.name: 'Linux', os.arch: 'amd64', os.version: '6.11.0-25-generic', java.version: '17.0.15'\nDriver info: org.openqa.selenium.chrome.ChromeDriver\nCapabilities {acceptInsecureCerts: false, browserName: chrome, browserVersion: 135.0.7049.95, chrome: {chromedriverVersion: 135.0.7049.114 (63fd8a7d9d0..., userDataDir: /tmp/.org.chromium.Chromium...}, fedcm:accounts: true, goog:chromeOptions: {debuggerAddress: localhost:33807}, networkConnectionEnabled: false, pageLoadStrategy: normal, platformName: linux, proxy: Proxy(), se:cdp: ws://localhost:33807/devtoo..., se:cdpVersion: 135.0.7049.95, setWindowRect: true, strictFileInteractability: false, timeouts: {implicit: 0, pageLoad: 300000, script: 30000}, unhandledPromptBehavior: dismiss and notify, webauthn:extension:credBlob: true, webauthn:extension:largeBlob: true, webauthn:extension:minPinLength: true, webauthn:extension:prf: true, webauthn:virtualAuthenticators: true}\nSession ID: f63b00ad49c0f31e13a46f1b614b0e34","trace":"org.openqa.selenium.TimeoutException: Expected condition failed: waiting for stepdefinitions.ProductSteps$$Lambda$917/0x00007ee07c4c3888@6c0b51da (tried for 10 second(s) with 500 milliseconds interval)\nBuild info: version: '4.16.1', revision: '9b4c83354e'\nSystem info: os.name: 'Linux', os.arch: 'amd64', os.version: '6.11.0-25-generic', java.version: '17.0.15'\nDriver info: org.openqa.selenium.chrome.ChromeDriver\nCapabilities {acceptInsecureCerts: false, browserName: chrome, browserVersion: 135.0.7049.95, chrome: {chromedriverVersion: 135.0.7049.114 (63fd8a7d9d0..., userDataDir: /tmp/.org.chromium.Chromium...}, fedcm:accounts: true, goog:chromeOptions: {debuggerAddress: localhost:33807}, networkConnectionEnabled: false, pageLoadStrategy: normal, platformName: linux, proxy: Proxy(), se:cdp: ws://localhost:33807/devtoo..., se:cdpVersion: 135.0.7049.95, setWindowRect: true, strictFileInteractability: false, timeouts: {implicit: 0, pageLoad: 300000, script: 30000}, unhandledPromptBehavior: dismiss and notify, webauthn:extension:credBlob: true, webauthn:extension:largeBlob: true, webauthn:extension:minPinLength: true, webauthn:extension:prf: true, webauthn:virtualAuthenticators: true}\nSession ID: f63b00ad49c0f31e13a46f1b614b0e34\n\tat org.openqa.selenium.support.ui.WebDriverWait.timeoutException(WebDriverWait.java:84)\n\tat org.openqa.selenium.support.ui.FluentWait.until(FluentWait.java:229)\n\tat stepdefinitions.ProductSteps.verify_products_sorted_high_to_low(ProductSteps.java:78)\n\tat ✽.products should be displayed in descending price order(file:///home/mrym/Downloads/ComputerSystem/SDLC/test-lab/test1/src/test/resources/features/MasterRun.feature:43)\n"},"stage":"finished","steps":[{"name":"Given user is on the product listing page","status":"passed","statusDetails":{"known":false,"muted":false,"flaky":false},"stage":"finished","steps":[],"attachments":[],"parameters":[],"start":1747220218437,"stop":1747220219307},{"name":"stepdefinitions.Hooks.takeScreenshotOnFailure(io.cucumber.java.Scenario)","status":"passed","statusDetails":{"known":false,"muted":false,"flaky":false},"stage":"finished","steps":[],"attachments":[],"parameters":[],"start":1747220219307,"stop":1747220219307},{"name":"When user selects sort by price: high to low","status":"passed","statusDetails":{"known":false,"muted":false,"flaky":false},"stage":"finished","steps":[],"attachments":[],"parameters":[],"start":1747220219307,"stop":1747220220872},{"name":"stepdefinitions.Hooks.takeScreenshotOnFailure(io.cucumber.java.Scenario)","status":"passed","statusDetails":{"known":false,"muted":false,"flaky":false},"stage":"finished","steps":[],"attachments":[],"parameters":[],"start":1747220220872,"stop":1747220220872},{"name":"Then products should be displayed in descending price order","status":"broken","statusDetails":{"known":false,"muted":false,"flaky":false,"message":"Expected condition failed: waiting for stepdefinitions.ProductSteps$$Lambda$917/0x00007ee07c4c3888@6c0b51da (tried for 10 second(s) with 500 milliseconds interval)\nBuild info: version: '4.16.1', revision: '9b4c83354e'\nSystem info: os.name: 'Linux', os.arch: 'amd64', os.version: '6.11.0-25-generic', java.version: '17.0.15'\nDriver info: org.openqa.selenium.chrome.ChromeDriver\nCapabilities {acceptInsecureCerts: false, browserName: chrome, browserVersion: 135.0.7049.95, chrome: {chromedriverVersion: 135.0.7049.114 (63fd8a7d9d0..., userDataDir: /tmp/.org.chromium.Chromium...}, fedcm:accounts: true, goog:chromeOptions: {debuggerAddress: localhost:33807}, networkConnectionEnabled: false, pageLoadStrategy: normal, platformName: linux, proxy: Proxy(), se:cdp: ws://localhost:33807/devtoo..., se:cdpVersion: 135.0.7049.95, setWindowRect: true, strictFileInteractability: false, timeouts: {implicit: 0, pageLoad: 300000, script: 30000}, unhandledPromptBehavior: dismiss and notify, webauthn:extension:credBlob: true, webauthn:extension:largeBlob: true, webauthn:extension:minPinLength: true, webauthn:extension:prf: true, webauthn:virtualAuthenticators: true}\nSession ID: f63b00ad49c0f31e13a46f1b614b0e34","trace":"org.openqa.selenium.TimeoutException: Expected condition failed: waiting for stepdefinitions.ProductSteps$$Lambda$917/0x00007ee07c4c3888@6c0b51da (tried for 10 second(s) with 500 milliseconds interval)\nBuild info: version: '4.16.1', revision: '9b4c83354e'\nSystem info: os.name: 'Linux', os.arch: 'amd64', os.version: '6.11.0-25-generic', java.version: '17.0.15'\nDriver info: org.openqa.selenium.chrome.ChromeDriver\nCapabilities {acceptInsecureCerts: false, browserName: chrome, browserVersion: 135.0.7049.95, chrome: {chromedriverVersion: 135.0.7049.114 (63fd8a7d9d0..., userDataDir: /tmp/.org.chromium.Chromium...}, fedcm:accounts: true, goog:chromeOptions: {debuggerAddress: localhost:33807}, networkConnectionEnabled: false, pageLoadStrategy: normal, platformName: linux, proxy: Proxy(), se:cdp: ws://localhost:33807/devtoo..., se:cdpVersion: 135.0.7049.95, setWindowRect: true, strictFileInteractability: false, timeouts: {implicit: 0, pageLoad: 300000, script: 30000}, unhandledPromptBehavior: dismiss and notify, webauthn:extension:credBlob: true, webauthn:extension:largeBlob: true, webauthn:extension:minPinLength: true, webauthn:extension:prf: true, webauthn:virtualAuthenticators: true}\nSession ID: f63b00ad49c0f31e13a46f1b614b0e34\n\tat org.openqa.selenium.support.ui.WebDriverWait.timeoutException(WebDriverWait.java:84)\n\tat org.openqa.selenium.support.ui.FluentWait.until(FluentWait.java:229)\n\tat stepdefinitions.ProductSteps.verify_products_sorted_high_to_low(ProductSteps.java:78)\n\tat ✽.products should be displayed in descending price order(file:///home/mrym/Downloads/ComputerSystem/SDLC/test-lab/test1/src/test/resources/features/MasterRun.feature:43)\n"},"stage":"finished","steps":[],"attachments":[],"parameters":[],"start":1747220220872,"stop":1747220232961},{"name":"stepdefinitions.Hooks.takeScreenshotOnFailure(io.cucumber.java.Scenario)","status":"passed","statusDetails":{"known":false,"muted":false,"flaky":false},"stage":"finished","steps":[],"attachments":[{"name":"Failure Screenshot","source":"8e2606be-1330-4cde-972a-707570ca2bd2-attachment","type":"image/png"}],"parameters":[],"start":1747220232962,"stop":1747220233135}],"attachments":[],"parameters":[],"start":1747220218436,"stop":1747220233138}