{"uuid":"d4e3af51-334d-4ff2-971b-7726bc512ba3","historyId":"113507c0f4cfa3b23d52c2f11cd7f2e3","testCaseId":"bd089c97a9d115dd66f04357d8938f6f","fullName":"src/test/resources/features/MasterRun.feature:34","labels":[{"name":"tag","value":"MasterRun"},{"name":"tag","value":"Order5"},{"name":"host","value":"mrym"},{"name":"thread","value":"107367@mrym.main(1)"},{"name":"feature","value":"Complete end-to-end test"},{"name":"story","value":"Sort products by lowest price"},{"name":"suite","value":"Complete end-to-end test"},{"name":"testClass","value":"Sort products by lowest price"},{"name":"framework","value":"cucumber4jvm"},{"name":"language","value":"java"},{"name":"gherkin_uri","value":"file:///home/mrym/Downloads/test-lab/test1/src/test/resources/features/MasterRun.feature"},{"name":"package","value":"src.test.resources.features.MasterRun_feature.Complete end-to-end test"}],"links":[],"name":"Sort products by lowest price","status":"broken","statusDetails":{"known":false,"muted":false,"flaky":false,"message":"Expected condition failed: waiting for stepdefinitions.ProductSteps$$Lambda$895/0x000078e5ac47c238@1e98b788 (tried for 20 second(s) with 500 milliseconds interval)\nBuild info: version: '4.16.1', revision: '9b4c83354e'\nSystem info: os.name: 'Linux', os.arch: 'amd64', os.version: '6.11.0-25-generic', java.version: '17.0.15'\nDriver info: org.openqa.selenium.chrome.ChromeDriver\nCapabilities {acceptInsecureCerts: false, browserName: chrome, browserVersion: 135.0.7049.95, chrome: {chromedriverVersion: 135.0.7049.114 (63fd8a7d9d0..., userDataDir: /tmp/.org.chromium.Chromium...}, fedcm:accounts: true, goog:chromeOptions: {debuggerAddress: localhost:33059}, networkConnectionEnabled: false, pageLoadStrategy: normal, platformName: linux, proxy: Proxy(), se:cdp: ws://localhost:33059/devtoo..., se:cdpVersion: 135.0.7049.95, setWindowRect: true, strictFileInteractability: false, timeouts: {implicit: 0, pageLoad: 300000, script: 30000}, unhandledPromptBehavior: dismiss and notify, webauthn:extension:credBlob: true, webauthn:extension:largeBlob: true, webauthn:extension:minPinLength: true, webauthn:extension:prf: true, webauthn:virtualAuthenticators: true}\nSession ID: d929d60d461e1b2c47084904e84337ba","trace":"org.openqa.selenium.TimeoutException: Expected condition failed: waiting for stepdefinitions.ProductSteps$$Lambda$895/0x000078e5ac47c238@1e98b788 (tried for 20 second(s) with 500 milliseconds interval)\nBuild info: version: '4.16.1', revision: '9b4c83354e'\nSystem info: os.name: 'Linux', os.arch: 'amd64', os.version: '6.11.0-25-generic', java.version: '17.0.15'\nDriver info: org.openqa.selenium.chrome.ChromeDriver\nCapabilities {acceptInsecureCerts: false, browserName: chrome, browserVersion: 135.0.7049.95, chrome: {chromedriverVersion: 135.0.7049.114 (63fd8a7d9d0..., userDataDir: /tmp/.org.chromium.Chromium...}, fedcm:accounts: true, goog:chromeOptions: {debuggerAddress: localhost:33059}, networkConnectionEnabled: false, pageLoadStrategy: normal, platformName: linux, proxy: Proxy(), se:cdp: ws://localhost:33059/devtoo..., se:cdpVersion: 135.0.7049.95, setWindowRect: true, strictFileInteractability: false, timeouts: {implicit: 0, pageLoad: 300000, script: 30000}, unhandledPromptBehavior: dismiss and notify, webauthn:extension:credBlob: true, webauthn:extension:largeBlob: true, webauthn:extension:minPinLength: true, webauthn:extension:prf: true, webauthn:virtualAuthenticators: true}\nSession ID: d929d60d461e1b2c47084904e84337ba\n\tat org.openqa.selenium.support.ui.WebDriverWait.timeoutException(WebDriverWait.java:84)\n\tat org.openqa.selenium.support.ui.FluentWait.until(FluentWait.java:229)\n\tat stepdefinitions.ProductSteps.verify_products_sorted_low_to_high(ProductSteps.java:55)\n\tat ✽.products should be displayed in ascending price order(file:///home/mrym/Downloads/test-lab/test1/src/test/resources/features/MasterRun.feature:37)\n"},"stage":"finished","steps":[{"name":"Given user is on the product listing page","status":"passed","statusDetails":{"known":false,"muted":false,"flaky":false},"stage":"finished","steps":[],"attachments":[],"parameters":[],"start":1747206537228,"stop":1747206537986},{"name":"stepdefinitions.Hooks.takeScreenshotOnFailure(io.cucumber.java.Scenario)","status":"passed","statusDetails":{"known":false,"muted":false,"flaky":false},"stage":"finished","steps":[],"attachments":[],"parameters":[],"start":1747206537986,"stop":1747206537986},{"name":"When user selects sort by price: low to high","status":"passed","statusDetails":{"known":false,"muted":false,"flaky":false},"stage":"finished","steps":[],"attachments":[],"parameters":[],"start":1747206537986,"stop":1747206538903},{"name":"stepdefinitions.Hooks.takeScreenshotOnFailure(io.cucumber.java.Scenario)","status":"passed","statusDetails":{"known":false,"muted":false,"flaky":false},"stage":"finished","steps":[],"attachments":[],"parameters":[],"start":1747206538904,"stop":1747206538904},{"name":"Then products should be displayed in ascending price order","status":"broken","statusDetails":{"known":false,"muted":false,"flaky":false,"message":"Expected condition failed: waiting for stepdefinitions.ProductSteps$$Lambda$895/0x000078e5ac47c238@1e98b788 (tried for 20 second(s) with 500 milliseconds interval)\nBuild info: version: '4.16.1', revision: '9b4c83354e'\nSystem info: os.name: 'Linux', os.arch: 'amd64', os.version: '6.11.0-25-generic', java.version: '17.0.15'\nDriver info: org.openqa.selenium.chrome.ChromeDriver\nCapabilities {acceptInsecureCerts: false, browserName: chrome, browserVersion: 135.0.7049.95, chrome: {chromedriverVersion: 135.0.7049.114 (63fd8a7d9d0..., userDataDir: /tmp/.org.chromium.Chromium...}, fedcm:accounts: true, goog:chromeOptions: {debuggerAddress: localhost:33059}, networkConnectionEnabled: false, pageLoadStrategy: normal, platformName: linux, proxy: Proxy(), se:cdp: ws://localhost:33059/devtoo..., se:cdpVersion: 135.0.7049.95, setWindowRect: true, strictFileInteractability: false, timeouts: {implicit: 0, pageLoad: 300000, script: 30000}, unhandledPromptBehavior: dismiss and notify, webauthn:extension:credBlob: true, webauthn:extension:largeBlob: true, webauthn:extension:minPinLength: true, webauthn:extension:prf: true, webauthn:virtualAuthenticators: true}\nSession ID: d929d60d461e1b2c47084904e84337ba","trace":"org.openqa.selenium.TimeoutException: Expected condition failed: waiting for stepdefinitions.ProductSteps$$Lambda$895/0x000078e5ac47c238@1e98b788 (tried for 20 second(s) with 500 milliseconds interval)\nBuild info: version: '4.16.1', revision: '9b4c83354e'\nSystem info: os.name: 'Linux', os.arch: 'amd64', os.version: '6.11.0-25-generic', java.version: '17.0.15'\nDriver info: org.openqa.selenium.chrome.ChromeDriver\nCapabilities {acceptInsecureCerts: false, browserName: chrome, browserVersion: 135.0.7049.95, chrome: {chromedriverVersion: 135.0.7049.114 (63fd8a7d9d0..., userDataDir: /tmp/.org.chromium.Chromium...}, fedcm:accounts: true, goog:chromeOptions: {debuggerAddress: localhost:33059}, networkConnectionEnabled: false, pageLoadStrategy: normal, platformName: linux, proxy: Proxy(), se:cdp: ws://localhost:33059/devtoo..., se:cdpVersion: 135.0.7049.95, setWindowRect: true, strictFileInteractability: false, timeouts: {implicit: 0, pageLoad: 300000, script: 30000}, unhandledPromptBehavior: dismiss and notify, webauthn:extension:credBlob: true, webauthn:extension:largeBlob: true, webauthn:extension:minPinLength: true, webauthn:extension:prf: true, webauthn:virtualAuthenticators: true}\nSession ID: d929d60d461e1b2c47084904e84337ba\n\tat org.openqa.selenium.support.ui.WebDriverWait.timeoutException(WebDriverWait.java:84)\n\tat org.openqa.selenium.support.ui.FluentWait.until(FluentWait.java:229)\n\tat stepdefinitions.ProductSteps.verify_products_sorted_low_to_high(ProductSteps.java:55)\n\tat ✽.products should be displayed in ascending price order(file:///home/mrym/Downloads/test-lab/test1/src/test/resources/features/MasterRun.feature:37)\n"},"stage":"finished","steps":[],"attachments":[],"parameters":[],"start":1747206538904,"stop":1747206561023},{"name":"stepdefinitions.Hooks.takeScreenshotOnFailure(io.cucumber.java.Scenario)","status":"passed","statusDetails":{"known":false,"muted":false,"flaky":false},"stage":"finished","steps":[],"attachments":[{"name":"Failure Screenshot","source":"6cf1287d-5c6d-4011-aae3-1cf3d9c395aa-attachment","type":"image/png"}],"parameters":[],"start":1747206561023,"stop":1747206561161}],"attachments":[],"parameters":[],"start":1747206537228,"stop":1747206561166}